# JRE version: OpenJDK Runtime Environment (11.0.13) (build 11.0.13+0-b1751.21-8125866)
# Java VM: OpenJDK 64-Bit Server VM (11.0.13+0-b1751.21-8125866, mixed mode, tiered, compressed oops, g1 gc, windows-amd64)
Heap:
 garbage-first heap   total 415744K, used 254221K [0x0000000080000000, 0x0000000100000000)
  region size 1024K, 112 young (114688K), 9 survivors (9216K)
 Metaspace       used 112348K, capacity 115341K, committed 115456K, reserved 1148928K
  class space    used 14277K, capacity 15342K, committed 15360K, reserved 1048576K
GC Heap History (20 events):
Event: 13.353 GC heap before
{Heap before GC invocations=42 (full 0):
 garbage-first heap   total 226304K, used 158285K [0x0000000080000000, 0x0000000100000000)
  region size 1024K, 62 young (63488K), 6 survivors (6144K)
 Metaspace       used 72827K, capacity 74811K, committed 75136K, reserved 1114112K
  class space    used 9292K, capacity 10004K, committed 10112K, reserved 1048576K
}
Event: 13.374 GC heap after
{Heap after GC invocations=43 (full 0):
 garbage-first heap   total 226304K, used 103431K [0x0000000080000000, 0x0000000100000000)
  region size 1024K, 4 young (4096K), 4 survivors (4096K)
 Metaspace       used 72827K, capacity 74811K, committed 75136K, reserved 1114112K
  class space    used 9292K, capacity 10004K, committed 10112K, reserved 1048576K
}
Event: 14.529 GC heap before
{Heap before GC invocations=43 (full 0):
 garbage-first heap   total 226304K, used 161799K [0x0000000080000000, 0x0000000100000000)
  region size 1024K, 61 young (62464K), 4 survivors (4096K)
 Metaspace       used 78664K, capacity 80647K, committed 80896K, reserved 1120256K
  class space    used 10224K, capacity 10981K, committed 11008K, reserved 1048576K
}
Event: 14.543 GC heap after
{Heap after GC invocations=44 (full 0):
 garbage-first heap   total 226304K, used 106896K [0x0000000080000000, 0x0000000100000000)
  region size 1024K, 7 young (7168K), 7 survivors (7168K)
 Metaspace       used 78664K, capacity 80647K, committed 80896K, reserved 1120256K
  class space    used 10224K, capacity 10981K, committed 11008K, reserved 1048576K
}
Event: 14.848 GC heap before
{Heap before GC invocations=44 (full 0):
 garbage-first heap   total 226304K, used 117136K [0x0000000080000000, 0x0000000100000000)
  region size 1024K, 18 young (18432K), 7 survivors (7168K)
 Metaspace       used 79875K, capacity 81829K, committed 82048K, reserved 1120256K
  class space    used 10383K, capacity 11092K, committed 11136K, reserved 1048576K
}
Event: 14.864 GC heap after
{Heap after GC invocations=45 (full 0):
 garbage-first heap   total 226304K, used 108064K [0x0000000080000000, 0x0000000100000000)
  region size 1024K, 5 young (5120K), 5 survivors (5120K)
 Metaspace       used 79875K, capacity 81829K, committed 82048K, reserved 1120256K
  class space    used 10383K, capacity 11092K, committed 11136K, reserved 1048576K
}
Event: 15.092 GC heap before
{Heap before GC invocations=46 (full 0):
 garbage-first heap   total 226304K, used 121376K [0x0000000080000000, 0x0000000100000000)
  region size 1024K, 8 young (8192K), 5 survivors (5120K)
 Metaspace       used 79875K, capacity 81829K, committed 82048K, reserved 1120256K
  class space    used 10383K, capacity 11092K, committed 11136K, reserved 1048576K
}
Event: 15.191 GC heap after
{Heap after GC invocations=47 (full 0):
 garbage-first heap   total 272384K, used 123169K [0x0000000080000000, 0x0000000100000000)
  region size 1024K, 4 young (4096K), 4 survivors (4096K)
 Metaspace       used 79875K, capacity 81829K, committed 82048K, reserved 1120256K
  class space    used 10383K, capacity 11092K, committed 11136K, reserved 1048576K
}
Event: 16.596 GC heap before
{Heap before GC invocations=48 (full 0):
 garbage-first heap   total 272384K, used 198945K [0x0000000080000000, 0x0000000100000000)
  region size 1024K, 72 young (73728K), 4 survivors (4096K)
 Metaspace       used 82867K, capacity 85087K, committed 85376K, reserved 1122304K
  class space    used 10787K, capacity 11570K, committed 11648K, reserved 1048576K
}
Event: 16.614 GC heap after
{Heap after GC invocations=49 (full 0):
 garbage-first heap   total 272384K, used 132766K [0x0000000080000000, 0x0000000100000000)
  region size 1024K, 8 young (8192K), 8 survivors (8192K)
 Metaspace       used 82867K, capacity 85087K, committed 85376K, reserved 1122304K
  class space    used 10787K, capacity 11570K, committed 11648K, reserved 1048576K
}
Event: 16.742 GC heap before
{Heap before GC invocations=49 (full 0):
 garbage-first heap   total 272384K, used 151198K [0x0000000080000000, 0x0000000100000000)
  region size 1024K, 28 young (28672K), 8 survivors (8192K)
 Metaspace       used 83732K, capacity 85879K, committed 86144K, reserved 1124352K
  class space    used 10884K, capacity 11638K, committed 11648K, reserved 1048576K
}
Event: 16.754 GC heap after
{Heap after GC invocations=50 (full 0):
 garbage-first heap   total 272384K, used 133760K [0x0000000080000000, 0x0000000100000000)
  region size 1024K, 5 young (5120K), 5 survivors (5120K)
 Metaspace       used 83732K, capacity 85879K, committed 86144K, reserved 1124352K
  class space    used 10884K, capacity 11638K, committed 11648K, reserved 1048576K
}
Event: 18.726 GC heap before
{Heap before GC invocations=51 (full 0):
 garbage-first heap   total 272384K, used 206464K [0x0000000080000000, 0x0000000100000000)
  region size 1024K, 75 young (76800K), 5 survivors (5120K)
 Metaspace       used 92214K, capacity 94557K, committed 94720K, reserved 1130496K
  class space    used 11937K, capacity 12718K, committed 12800K, reserved 1048576K
}
Event: 18.754 GC heap after
{Heap after GC invocations=52 (full 0):
 garbage-first heap   total 272384K, used 136772K [0x0000000080000000, 0x0000000100000000)
  region size 1024K, 8 young (8192K), 8 survivors (8192K)
 Metaspace       used 92214K, capacity 94557K, committed 94720K, reserved 1130496K
  class space    used 11937K, capacity 12718K, committed 12800K, reserved 1048576K
}
Event: 20.805 GC heap before
{Heap before GC invocations=52 (full 0):
 garbage-first heap   total 272384K, used 210500K [0x0000000080000000, 0x0000000100000000)
  region size 1024K, 80 young (81920K), 8 survivors (8192K)
 Metaspace       used 99197K, capacity 101630K, committed 101888K, reserved 1136640K
  class space    used 12826K, capacity 13699K, committed 13824K, reserved 1048576K
}
Event: 20.864 GC heap after
{Heap after GC invocations=53 (full 0):
 garbage-first heap   total 272384K, used 142091K [0x0000000080000000, 0x0000000100000000)
  region size 1024K, 10 young (10240K), 10 survivors (10240K)
 Metaspace       used 99197K, capacity 101630K, committed 101888K, reserved 1136640K
  class space    used 12826K, capacity 13699K, committed 13824K, reserved 1048576K
}
Event: 22.374 GC heap before
{Heap before GC invocations=54 (full 0):
 garbage-first heap   total 272384K, used 213771K [0x0000000080000000, 0x0000000100000000)
  region size 1024K, 81 young (82944K), 10 survivors (10240K)
 Metaspace       used 100733K, capacity 103201K, committed 103552K, reserved 1138688K
  class space    used 12932K, capacity 13835K, committed 13952K, reserved 1048576K
}
Event: 22.432 GC heap after
{Heap after GC invocations=55 (full 0):
 garbage-first heap   total 415744K, used 147098K [0x0000000080000000, 0x0000000100000000)
  region size 1024K, 6 young (6144K), 6 survivors (6144K)
 Metaspace       used 100733K, capacity 103201K, committed 103552K, reserved 1138688K
  class space    used 12932K, capacity 13835K, committed 13952K, reserved 1048576K
}
Event: 1341.373 GC heap before
{Heap before GC invocations=55 (full 0):
 garbage-first heap   total 415744K, used 277146K [0x0000000080000000, 0x0000000100000000)
  region size 1024K, 133 young (136192K), 6 survivors (6144K)
 Metaspace       used 104395K, capacity 107111K, committed 107392K, reserved 1142784K
  class space    used 13353K, capacity 14353K, committed 14464K, reserved 1048576K
}
Event: 1341.569 GC heap after
{Heap after GC invocations=56 (full 0):
 garbage-first heap   total 415744K, used 150797K [0x0000000080000000, 0x0000000100000000)
  region size 1024K, 9 young (9216K), 9 survivors (9216K)
 Metaspace       used 104395K, capacity 107111K, committed 107392K, reserved 1142784K
  class space    used 13353K, capacity 14353K, committed 14464K, reserved 1048576K
}

