# JRE version: OpenJDK Runtime Environment (11.0.13) (build 11.0.13+0-b1751.21-8125866)
# Java VM: OpenJDK 64-Bit Server VM (11.0.13+0-b1751.21-8125866, mixed mode, tiered, compressed oops, g1 gc, windows-amd64)
Heap:
 garbage-first heap   total 564224K, used 236300K [0x0000000080000000, 0x0000000100000000)
  region size 1024K, 2 young (2048K), 2 survivors (2048K)
 Metaspace       used 159685K, capacity 163928K, committed 164272K, reserved 1191936K
  class space    used 19942K, capacity 21405K, committed 21504K, reserved 1048576K
GC Heap History (20 events):
Event: 1339.375 GC heap after
{Heap after GC invocations=84 (full 0):
 garbage-first heap   total 434176K, used 236544K [0x0000000080000000, 0x0000000100000000)
  region size 1024K, 2 young (2048K), 2 survivors (2048K)
 Metaspace       used 155267K, capacity 159651K, committed 159920K, reserved 1187840K
  class space    used 19634K, capacity 21123K, committed 21248K, reserved 1048576K
}
Event: 1341.618 GC heap before
{Heap before GC invocations=84 (full 0):
 garbage-first heap   total 434176K, used 256000K [0x0000000080000000, 0x0000000100000000)
  region size 1024K, 21 young (21504K), 2 survivors (2048K)
 Metaspace       used 155326K, capacity 159739K, committed 159920K, reserved 1187840K
  class space    used 19637K, capacity 21128K, committed 21248K, reserved 1048576K
}
Event: 1342.482 GC heap after
{Heap after GC invocations=85 (full 0):
 garbage-first heap   total 434176K, used 240128K [0x0000000080000000, 0x0000000100000000)
  region size 1024K, 3 young (3072K), 3 survivors (3072K)
 Metaspace       used 155326K, capacity 159739K, committed 159920K, reserved 1187840K
  class space    used 19637K, capacity 21128K, committed 21248K, reserved 1048576K
}
Event: 1352.371 GC heap before
{Heap before GC invocations=85 (full 0):
 garbage-first heap   total 434176K, used 257536K [0x0000000080000000, 0x0000000100000000)
  region size 1024K, 21 young (21504K), 3 survivors (3072K)
 Metaspace       used 156690K, capacity 161077K, committed 161200K, reserved 1189888K
  class space    used 19728K, capacity 21224K, committed 21248K, reserved 1048576K
}
Event: 1352.667 GC heap after
{Heap after GC invocations=86 (full 0):
 garbage-first heap   total 434176K, used 243009K [0x0000000080000000, 0x0000000100000000)
  region size 1024K, 3 young (3072K), 3 survivors (3072K)
 Metaspace       used 156690K, capacity 161077K, committed 161200K, reserved 1189888K
  class space    used 19728K, capacity 21224K, committed 21248K, reserved 1048576K
}
Event: 1354.947 GC heap before
{Heap before GC invocations=86 (full 0):
 garbage-first heap   total 434176K, used 261441K [0x0000000080000000, 0x0000000100000000)
  region size 1024K, 21 young (21504K), 3 survivors (3072K)
 Metaspace       used 157315K, capacity 161717K, committed 162096K, reserved 1189888K
  class space    used 19793K, capacity 21288K, committed 21376K, reserved 1048576K
}
Event: 1355.326 GC heap after
{Heap after GC invocations=87 (full 0):
 garbage-first heap   total 434176K, used 246119K [0x0000000080000000, 0x0000000100000000)
  region size 1024K, 3 young (3072K), 3 survivors (3072K)
 Metaspace       used 157315K, capacity 161717K, committed 162096K, reserved 1189888K
  class space    used 19793K, capacity 21288K, committed 21376K, reserved 1048576K
}
Event: 1367.707 GC heap before
{Heap before GC invocations=88 (full 0):
 garbage-first heap   total 434176K, used 263527K [0x0000000080000000, 0x0000000100000000)
  region size 1024K, 21 young (21504K), 3 survivors (3072K)
 Metaspace       used 158811K, capacity 163089K, committed 163376K, reserved 1191936K
  class space    used 19889K, capacity 21340K, committed 21376K, reserved 1048576K
}
Event: 1367.938 GC heap after
{Heap after GC invocations=89 (full 0):
 garbage-first heap   total 434176K, used 248895K [0x0000000080000000, 0x0000000100000000)
  region size 1024K, 3 young (3072K), 3 survivors (3072K)
 Metaspace       used 158811K, capacity 163089K, committed 163376K, reserved 1191936K
  class space    used 19889K, capacity 21340K, committed 21376K, reserved 1048576K
}
Event: 1374.546 GC heap before
{Heap before GC invocations=89 (full 0):
 garbage-first heap   total 434176K, used 267327K [0x0000000080000000, 0x0000000100000000)
  region size 1024K, 21 young (21504K), 3 survivors (3072K)
 Metaspace       used 158964K, capacity 163255K, committed 163504K, reserved 1191936K
  class space    used 19901K, capacity 21373K, committed 21504K, reserved 1048576K
}
Event: 1375.075 GC heap after
{Heap after GC invocations=90 (full 0):
 garbage-first heap   total 434176K, used 245679K [0x0000000080000000, 0x0000000100000000)
  region size 1024K, 3 young (3072K), 3 survivors (3072K)
 Metaspace       used 158964K, capacity 163255K, committed 163504K, reserved 1191936K
  class space    used 19901K, capacity 21373K, committed 21504K, reserved 1048576K
}
Event: 1381.611 GC heap before
{Heap before GC invocations=90 (full 0):
 garbage-first heap   total 434176K, used 263087K [0x0000000080000000, 0x0000000100000000)
  region size 1024K, 21 young (21504K), 3 survivors (3072K)
 Metaspace       used 159025K, capacity 163319K, committed 163760K, reserved 1191936K
  class space    used 19901K, capacity 21373K, committed 21504K, reserved 1048576K
}
Event: 1382.099 GC heap after
{Heap after GC invocations=91 (full 0):
 garbage-first heap   total 434176K, used 248432K [0x0000000080000000, 0x0000000100000000)
  region size 1024K, 3 young (3072K), 3 survivors (3072K)
 Metaspace       used 159025K, capacity 163319K, committed 163760K, reserved 1191936K
  class space    used 19901K, capacity 21373K, committed 21504K, reserved 1048576K
}
Event: 1387.193 GC heap before
{Heap before GC invocations=91 (full 0):
 garbage-first heap   total 434176K, used 266864K [0x0000000080000000, 0x0000000100000000)
  region size 1024K, 21 young (21504K), 3 survivors (3072K)
 Metaspace       used 159458K, capacity 163735K, committed 164016K, reserved 1191936K
  class space    used 19932K, capacity 21405K, committed 21504K, reserved 1048576K
}
Event: 1387.397 GC heap after
{Heap after GC invocations=92 (full 0):
 garbage-first heap   total 434176K, used 248291K [0x0000000080000000, 0x0000000100000000)
  region size 1024K, 1 young (1024K), 1 survivors (1024K)
 Metaspace       used 159458K, capacity 163735K, committed 164016K, reserved 1191936K
  class space    used 19932K, capacity 21405K, committed 21504K, reserved 1048576K
}
Event: 1399.662 GC heap before
{Heap before GC invocations=92 (full 0):
 garbage-first heap   total 434176K, used 287203K [0x0000000080000000, 0x0000000100000000)
  region size 1024K, 21 young (21504K), 1 survivors (1024K)
 Metaspace       used 159610K, capacity 163863K, committed 164272K, reserved 1191936K
  class space    used 19941K, capacity 21405K, committed 21504K, reserved 1048576K
}
Event: 1399.896 GC heap after
{Heap after GC invocations=93 (full 0):
 garbage-first heap   total 434176K, used 233636K [0x0000000080000000, 0x0000000100000000)
  region size 1024K, 2 young (2048K), 2 survivors (2048K)
 Metaspace       used 159610K, capacity 163863K, committed 164272K, reserved 1191936K
  class space    used 19941K, capacity 21405K, committed 21504K, reserved 1048576K
}
Event: 1401.703 GC heap before
{Heap before GC invocations=93 (full 0):
 garbage-first heap   total 434176K, used 258212K [0x0000000080000000, 0x0000000100000000)
  region size 1024K, 21 young (21504K), 2 survivors (2048K)
 Metaspace       used 159685K, capacity 163928K, committed 164272K, reserved 1191936K
  class space    used 19942K, capacity 21405K, committed 21504K, reserved 1048576K
}
Event: 1401.834 GC heap after
{Heap after GC invocations=94 (full 0):
 garbage-first heap   total 434176K, used 236021K [0x0000000080000000, 0x0000000100000000)
  region size 1024K, 2 young (2048K), 2 survivors (2048K)
 Metaspace       used 159685K, capacity 163928K, committed 164272K, reserved 1191936K
  class space    used 19942K, capacity 21405K, committed 21504K, reserved 1048576K
}
Event: 1402.390 GC heap before
{Heap before GC invocations=94 (full 0):
 garbage-first heap   total 434176K, used 255477K [0x0000000080000000, 0x0000000100000000)
  region size 1024K, 21 young (21504K), 2 survivors (2048K)
 Metaspace       used 159685K, capacity 163928K, committed 164272K, reserved 1191936K
  class space    used 19942K, capacity 21405K, committed 21504K, reserved 1048576K
}

